*   Trying 140.82.121.5:443...
* Connected to api.github.com (140.82.121.5) port 443
* ALPN: curl offers h2,http/1.1
*  CAfile: C:\xampp\apache\bin\curl-ca-bundle.crt
*  CApath: none
* SSL connection using TLSv1.3 / TLS_AES_128_GCM_SHA256
* ALPN: server accepted h2
* Server certificate:
*  subject: CN=*.github.com
*  start date: Feb  5 00:00:00 2025 GMT
*  expire date: Feb  5 23:59:59 2026 GMT
*  subjectAltName: host "api.github.com" matched cert's "*.github.com"
*  issuer: C=GB; ST=Greater Manchester; L=Salford; O=Sectigo Limited; CN=Sectigo ECC Domain Validation Secure Server CA
*  SSL certificate verify ok.
* using HTTP/2
* [HTTP/2] [1] OPENED stream for https://api.github.com/repos/joshike-code/investocc-software/commits?path=updates/updatev1.8.0.zip&page=1&per_page=1
* [HTTP/2] [1] [:method: GET]
* [HTTP/2] [1] [:scheme: https]
* [HTTP/2] [1] [:authority: api.github.com]
* [HTTP/2] [1] [:path: /repos/joshike-code/investocc-software/commits?path=updates/updatev1.8.0.zip&page=1&per_page=1]
* [HTTP/2] [1] [user-agent: Investocc-Updater]
* [HTTP/2] [1] [accept: */*]
> GET /repos/joshike-code/investocc-software/commits?path=updates/updatev1.8.0.zip&page=1&per_page=1 HTTP/2
Host: api.github.com
User-Agent: Investocc-Updater
Accept: */*

* old SSL session ID is stale, removing
< HTTP/2 200 
< date: Mon, 18 Aug 2025 19:52:26 GMT
< content-type: application/json; charset=utf-8
< cache-control: public, max-age=60, s-maxage=60
< vary: Accept,Accept-Encoding, Accept, X-Requested-With
< etag: W/"b846959e2a7ab17fa006f1c72f7232ff19165ee15d821ea11519dcc3bd851b9d"
< last-modified: Mon, 18 Aug 2025 18:44:32 GMT
< x-github-media-type: github.v3; format=json
< link: <https://api.github.com/repositories/1017993369/commits?path=updates%2Fupdatev1.8.0.zip&page=2&per_page=1>; rel="next", <https://api.github.com/repositories/1017993369/commits?path=updates%2Fupdatev1.8.0.zip&page=1&per_page=1>; rel="last"
< x-github-api-version-selected: 2022-11-28
< access-control-expose-headers: ETag, Link, Location, Retry-After, X-GitHub-OTP, X-RateLimit-Limit, X-RateLimit-Remaining, X-RateLimit-Used, X-RateLimit-Resource, X-RateLimit-Reset, X-OAuth-Scopes, X-Accepted-OAuth-Scopes, X-Poll-Interval, X-GitHub-Media-Type, X-GitHub-SSO, X-GitHub-Request-Id, Deprecation, Sunset
< access-control-allow-origin: *
< strict-transport-security: max-age=31536000; includeSubdomains; preload
< x-frame-options: deny
< x-content-type-options: nosniff
< x-xss-protection: 0
< referrer-policy: origin-when-cross-origin, strict-origin-when-cross-origin
< content-security-policy: default-src 'none'
< server: github.com
< accept-ranges: bytes
< x-ratelimit-limit: 60
< x-ratelimit-remaining: 57
< x-ratelimit-reset: 1755546915
< x-ratelimit-resource: core
< x-ratelimit-used: 3
< content-length: 3428
< x-github-request-id: 6EC3:1043A9:17F606F:15EFF40:68A38479
< 
* Connection #0 to host api.github.com left intact
